###############################################################################
#                                                                             #
# IAR C/C++ Compiler V8.10.1.10194/W32 for 8051         25/Apr/2015  12:10:02 #
# Copyright 2004-2011 IAR Systems AB.                                         #
#                                                                             #
#    Core               =  plain                                              #
#    Code model         =  banked                                             #
#    Data model         =  large                                              #
#    Calling convention =  xdata reentrant                                    #
#    Constant location  =  data_rom                                           #
#    Dptr setup         =  1,16                                               #
#    Source file        =  H:\User\workplace\NISL_ZStack-CC2530-2.3.0-1.4.0\P #
#                          rojects\zstack\Samples\SampleApp--version          #
#                          1.0_2015.4.24\Source\SampleApp.c                   #
#    Command line       =  -f "H:\User\workplace\NISL_ZStack-CC2530-2.3.0-1.4 #
#                          .0\Projects\zstack\Samples\SampleApp--version      #
#                          1.0_2015.4.24\CC2530DB\..\..\..\Tools\CC2530DB\f8w #
#                          Endev.cfg" (-DCPU32MHZ -DROOT=__near_func          #
#                          -DBLINK_LEDS) -f "H:\User\workplace\NISL_ZStack-CC #
#                          2530-2.3.0-1.4.0\Projects\zstack\Samples\SampleApp #
#                          --version 1.0_2015.4.24\CC2530DB\..\..\..\Tools\CC #
#                          2530DB\f8wConfig.cfg" (-DSECURE=0                  #
#                          -DZG_SECURE_DYNAMIC=0 -DREFLECTOR                  #
#                          -DDEFAULT_CHANLIST=0x00000800                      #
#                          -DZDAPP_CONFIG_PAN_ID=0xFFF1                       #
#                          -DNWK_START_DELAY=100 -DEXTENDED_JOINING_RANDOM_MA #
#                          SK=0x007F -DBEACON_REQUEST_DELAY=100               #
#                          -DBEACON_REQ_DELAY_MASK=0x00FF                     #
#                          -DROUTE_EXPIRY_TIME=30 -DAPSC_ACK_WAIT_DURATION_PO #
#                          LLED=3000 -DNWK_INDIRECT_MSG_TIMEOUT=7             #
#                          -DMAX_RREQ_ENTRIES=8 -DAPSC_MAX_FRAME_RETRIES=3    #
#                          -DNWK_MAX_DATA_RETRIES=2                           #
#                          -DMAX_POLL_FAILURE_RETRIES=2 -DMAX_BCAST=9         #
#                          -DAPS_MAX_GROUPS=16 -DMAX_RTG_ENTRIES=40           #
#                          -DNWK_MAX_BINDING_ENTRIES=4                        #
#                          -DMAX_BINDING_CLUSTER_IDS=4 "-DDEFAULT_KEY={0x01,  #
#                          0x03, 0x05, 0x07, 0x09, 0x0B, 0x0D, 0x0F, 0x00,    #
#                          0x02, 0x04, 0x06, 0x08, 0x0A, 0x0C, 0x0D}"         #
#                          -DMAC_MAX_FRAME_SIZE=116 "-DCONST=const __code"    #
#                          -DGENERIC=__generic -DRFD_RCVC_ALWAYS_ON=FALSE     #
#                          -DPOLL_RATE=0 -DQUEUED_POLL_RATE=0                 #
#                          -DRESPONSE_POLL_RATE=0) -DREJOIN_POLL_RATE=440     #
#                          "H:\User\workplace\NISL_ZStack-CC2530-2.3.0-1.4.0\ #
#                          Projects\zstack\Samples\SampleApp--version         #
#                          1.0_2015.4.24\Source\SampleApp.c" -D ZIGBEEPRO -D  #
#                          NWK_AUTO_POLL -D ZTOOL_P1 -D xMT_TASK -D           #
#                          xMT_SYS_FUNC -D xMT_ZDO_FUNC -D                    #
#                          LCD_SUPPORTED=DEBUG -D POWER_SAVING -lC            #
#                          "H:\User\workplace\NISL_ZStack-CC2530-2.3.0-1.4.0\ #
#                          Projects\zstack\Samples\SampleApp--version         #
#                          1.0_2015.4.24\CC2530DB\EndDeviceEB-Pro\List\" -lA  #
#                          "H:\User\workplace\NISL_ZStack-CC2530-2.3.0-1.4.0\ #
#                          Projects\zstack\Samples\SampleApp--version         #
#                          1.0_2015.4.24\CC2530DB\EndDeviceEB-Pro\List\"      #
#                          --diag_suppress Pe001,Pa010 -o                     #
#                          "H:\User\workplace\NISL_ZStack-CC2530-2.3.0-1.4.0\ #
#                          Projects\zstack\Samples\SampleApp--version         #
#                          1.0_2015.4.24\CC2530DB\EndDeviceEB-Pro\Obj\" -e    #
#                          --debug --core=plain --dptr=16,1                   #
#                          --data_model=large --code_model=banked             #
#                          --calling_convention=xdata_reentrant               #
#                          --place_constants=data_rom --nr_virtual_regs 16    #
#                          -I "H:\User\workplace\NISL_ZStack-CC2530-2.3.0-1.4 #
#                          .0\Projects\zstack\Samples\SampleApp--version      #
#                          1.0_2015.4.24\CC2530DB\" -I                        #
#                          "H:\User\workplace\NISL_ZStack-CC2530-2.3.0-1.4.0\ #
#                          Projects\zstack\Samples\SampleApp--version         #
#                          1.0_2015.4.24\CC2530DB\..\SOURCE\" -I              #
#                          "H:\User\workplace\NISL_ZStack-CC2530-2.3.0-1.4.0\ #
#                          Projects\zstack\Samples\SampleApp--version         #
#                          1.0_2015.4.24\CC2530DB\..\..\..\ZMAIN\TI2530DB\"   #
#                          -I "H:\User\workplace\NISL_ZStack-CC2530-2.3.0-1.4 #
#                          .0\Projects\zstack\Samples\SampleApp--version      #
#                          1.0_2015.4.24\CC2530DB\..\..\..\..\..\COMPONENTS\M #
#                          T\" -I "H:\User\workplace\NISL_ZStack-CC2530-2.3.0 #
#                          -1.4.0\Projects\zstack\Samples\SampleApp--version  #
#                          1.0_2015.4.24\CC2530DB\..\..\..\..\..\COMPONENTS\H #
#                          AL\INCLUDE\" -I "H:\User\workplace\NISL_ZStack-CC2 #
#                          530-2.3.0-1.4.0\Projects\zstack\Samples\SampleApp- #
#                          -version 1.0_2015.4.24\CC2530DB\..\..\..\..\..\COM #
#                          PONENTS\HAL\TARGET\CC2530EB\" -I                   #
#                          "H:\User\workplace\NISL_ZStack-CC2530-2.3.0-1.4.0\ #
#                          Projects\zstack\Samples\SampleApp--version         #
#                          1.0_2015.4.24\CC2530DB\..\..\..\..\..\COMPONENTS\O #
#                          SAL\MCU\CCSOC\" -I "H:\User\workplace\NISL_ZStack- #
#                          CC2530-2.3.0-1.4.0\Projects\zstack\Samples\SampleA #
#                          pp--version 1.0_2015.4.24\CC2530DB\..\..\..\..\..\ #
#                          COMPONENTS\OSAL\INCLUDE\" -I                       #
#                          "H:\User\workplace\NISL_ZStack-CC2530-2.3.0-1.4.0\ #
#                          Projects\zstack\Samples\SampleApp--version         #
#                          1.0_2015.4.24\CC2530DB\..\..\..\..\..\COMPONENTS\S #
#                          TACK\AF\" -I "H:\User\workplace\NISL_ZStack-CC2530 #
#                          -2.3.0-1.4.0\Projects\zstack\Samples\SampleApp--ve #
#                          rsion 1.0_2015.4.24\CC2530DB\..\..\..\..\..\COMPON #
#                          ENTS\STACK\NWK\" -I "H:\User\workplace\NISL_ZStack #
#                          -CC2530-2.3.0-1.4.0\Projects\zstack\Samples\Sample #
#                          App--version 1.0_2015.4.24\CC2530DB\..\..\..\..\.. #
#                          \COMPONENTS\STACK\SEC\" -I                         #
#                          "H:\User\workplace\NISL_ZStack-CC2530-2.3.0-1.4.0\ #
#                          Projects\zstack\Samples\SampleApp--version         #
#                          1.0_2015.4.24\CC2530DB\..\..\..\..\..\COMPONENTS\S #
#                          TACK\SAPI\" -I "H:\User\workplace\NISL_ZStack-CC25 #
#                          30-2.3.0-1.4.0\Projects\zstack\Samples\SampleApp-- #
#                          version 1.0_2015.4.24\CC2530DB\..\..\..\..\..\COMP #
#                          ONENTS\STACK\SYS\" -I "H:\User\workplace\NISL_ZSta #
#                          ck-CC2530-2.3.0-1.4.0\Projects\zstack\Samples\Samp #
#                          leApp--version 1.0_2015.4.24\CC2530DB\..\..\..\..\ #
#                          ..\COMPONENTS\STACK\ZDO\" -I                       #
#                          "H:\User\workplace\NISL_ZStack-CC2530-2.3.0-1.4.0\ #
#                          Projects\zstack\Samples\SampleApp--version         #
#                          1.0_2015.4.24\CC2530DB\..\..\..\..\..\COMPONENTS\Z #
#                          MAC\F8W\" -I "H:\User\workplace\NISL_ZStack-CC2530 #
#                          -2.3.0-1.4.0\Projects\zstack\Samples\SampleApp--ve #
#                          rsion 1.0_2015.4.24\CC2530DB\..\..\..\..\..\COMPON #
#                          ENTS\ZMAC\" -I "H:\User\workplace\NISL_ZStack-CC25 #
#                          30-2.3.0-1.4.0\Projects\zstack\Samples\SampleApp-- #
#                          version 1.0_2015.4.24\CC2530DB\..\..\..\..\..\COMP #
#                          ONENTS\SERVICES\SADDR\" -I                         #
#                          "H:\User\workplace\NISL_ZStack-CC2530-2.3.0-1.4.0\ #
#                          Projects\zstack\Samples\SampleApp--version         #
#                          1.0_2015.4.24\CC2530DB\..\..\..\..\..\COMPONENTS\S #
#                          ERVICES\SDATA\" -I "H:\User\workplace\NISL_ZStack- #
#                          CC2530-2.3.0-1.4.0\Projects\zstack\Samples\SampleA #
#                          pp--version 1.0_2015.4.24\CC2530DB\..\..\..\..\..\ #
#                          COMPONENTS\MAC\INCLUDE\" -I                        #
#                          "H:\User\workplace\NISL_ZStack-CC2530-2.3.0-1.4.0\ #
#                          Projects\zstack\Samples\SampleApp--version         #
#                          1.0_2015.4.24\CC2530DB\..\..\..\..\..\COMPONENTS\M #
#                          AC\HIGH_LEVEL\" -I "H:\User\workplace\NISL_ZStack- #
#                          CC2530-2.3.0-1.4.0\Projects\zstack\Samples\SampleA #
#                          pp--version 1.0_2015.4.24\CC2530DB\..\..\..\..\..\ #
#                          COMPONENTS\MAC\LOW_LEVEL\srf04\" -I                #
#                          "H:\User\workplace\NISL_ZStack-CC2530-2.3.0-1.4.0\ #
#                          Projects\zstack\Samples\SampleApp--version         #
#                          1.0_2015.4.24\CC2530DB\..\..\..\..\..\COMPONENTS\M #
#                          AC\LOW_LEVEL\srf04\SINGLE_CHIP\" -Ohz              #
#                          --require_prototypes                               #
#    List file          =  H:\User\workplace\NISL_ZStack-CC2530-2.3.0-1.4.0\P #
#                          rojects\zstack\Samples\SampleApp--version          #
#                          1.0_2015.4.24\CC2530DB\EndDeviceEB-Pro\List\Sample #
#                          App.lst                                            #
#    Object file        =  H:\User\workplace\NISL_ZStack-CC2530-2.3.0-1.4.0\P #
#                          rojects\zstack\Samples\SampleApp--version          #
#                          1.0_2015.4.24\CC2530DB\EndDeviceEB-Pro\Obj\SampleA #
#                          pp.r51                                             #
#                                                                             #
#                                                                             #
###############################################################################

H:\User\workplace\NISL_ZStack-CC2530-2.3.0-1.4.0\Projects\zstack\Samples\SampleApp--version 1.0_2015.4.24\Source\SampleApp.c
      1          /**************************************************************************************************
      2            Filename:       SampleApp.c
      3            Revised:        $Date: 2009-03-18 15:56:27 -0700 (Wed, 18 Mar 2009) $
      4            Revision:       $Revision: 19453 $
      5          
      6            Description:    Sample Application (no Profile).
      7          
      8          
      9            Copyright 2007 Texas Instruments Incorporated. All rights reserved.
     10          
     11            IMPORTANT: Your use of this Software is limited to those specific rights
     12            granted under the terms of a software license agreement between the user
     13            who downloaded the software, his/her employer (which must be your employer)
     14            and Texas Instruments Incorporated (the "License").  You may not use this
     15            Software unless you agree to abide by the terms of the License. The License
     16            limits your use, and you acknowledge, that the Software may not be modified,
     17            copied or distributed unless embedded on a Texas Instruments microcontroller
     18            or used solely and exclusively in conjunction with a Texas Instruments radio
     19            frequency transceiver, which is integrated into your product.  Other than for
     20            the foregoing purpose, you may not use, reproduce, copy, prepare derivative
     21            works of, modify, distribute, perform, display or sell this Software and/or
     22            its documentation for any purpose.
     23          
     24            YOU FURTHER ACKNOWLEDGE AND AGREE THAT THE SOFTWARE AND DOCUMENTATION ARE
     25            PROVIDED AS IS?WITHOUT WARRANTY OF ANY KIND, EITHER EXPRESS OR IMPLIED,
     26            INCLUDING WITHOUT LIMITATION, ANY WARRANTY OF MERCHANTABILITY, TITLE,
     27            NON-INFRINGEMENT AND FITNESS FOR A PARTICULAR PURPOSE. IN NO EVENT SHALL
     28            TEXAS INSTRUMENTS OR ITS LICENSORS BE LIABLE OR OBLIGATED UNDER CONTRACT,
     29            NEGLIGENCE, STRICT LIABILITY, CONTRIBUTION, BREACH OF WARRANTY, OR OTHER
     30            LEGAL EQUITABLE THEORY ANY DIRECT OR INDIRECT DAMAGES OR EXPENSES
     31            INCLUDING BUT NOT LIMITED TO ANY INCIDENTAL, SPECIAL, INDIRECT, PUNITIVE
     32            OR CONSEQUENTIAL DAMAGES, LOST PROFITS OR LOST DATA, COST OF PROCUREMENT
     33            OF SUBSTITUTE GOODS, TECHNOLOGY, SERVICES, OR ANY CLAIMS BY THIRD PARTIES
     34            (INCLUDING BUT NOT LIMITED TO ANY DEFENSE THEREOF), OR OTHER SIMILAR COSTS.
     35          
     36            Should you have any questions regarding your right to use this Software,
     37            contact Texas Instruments Incorporated at www.TI.com.
     38          **************************************************************************************************/
     39          
     40          /*********************************************************************
     41            This application isn't intended to do anything useful, it is
     42            intended to be a simple example of an application's structure.
     43          
     44            This application sends it's messages either as broadcast or
     45            broadcast filtered group messages.  The other (more normal)
     46            message addressing is unicast.  Most of the other sample
     47            applications are written to support the unicast message model.
     48          
     49            Key control:
     50              SW1:  Sends a flash command to all devices in Group 1.
     51              SW2:  Adds/Removes (toggles) this device in and out
     52                    of Group 1.  This will enable and disable the
     53                    reception of the flash command.
     54          *********************************************************************/
     55          
     56          /*********************************************************************
     57           * INCLUDES
     58           */
     59          #include "OSAL.h"
     60          #include "ZGlobals.h"
     61          #include "AF.h"
     62          #include "aps_groups.h"
     63          #include "ZDApp.h"
     64          
     65          #include "SampleApp.h"
     66          #include "SampleAppHw.h"
     67          
     68          #include "OnBoard.h"
     69          
     70          /* HAL */
     71          #include "hal_lcd.h"
     72          #include "hal_led.h"
     73          #include "hal_key.h"
     74          #include "MT_UART.h"
     75          #include "MT_APP.h"
     76          #include "MT.h"
     77          
     78          #include "OSAL_PwrMgr.h"//lxy添加
     79          /*********************************************************************
     80           * MACROS
     81           */
     82          
     83          /*********************************************************************
     84           * CONSTANTS
     85           */
     86          
     87          /*********************************************************************
     88           * TYPEDEFS
     89           */
     90          
     91          /*********************************************************************
     92           * GLOBAL VARIABLES
     93           */
     94          
     95          // This list should be filled with Application specific Cluster IDs.

   \                                 In  segment XDATA_ROM_C, align 1
     96          const cId_t SampleApp_ClusterList[SAMPLEAPP_MAX_CLUSTERS] =
   \                     SampleApp_ClusterList:
   \   000000   0100         DW 1
   \   000002   0200         DW 2
     97          {
     98            SAMPLEAPP_PERIODIC_CLUSTERID,
     99            SAMPLEAPP_FLASH_CLUSTERID
    100          };
    101          

   \                                 In  segment XDATA_ROM_C, align 1
    102          const SimpleDescriptionFormat_t SampleApp_SimpleDesc =
   \                     SampleApp_SimpleDesc:
   \   000000   14           DB 20
   \   000001   080F         DW 3848
   \   000003   0100         DW 1
   \   000005   00           DB 0
   \   000006   02           DB 2
   \   000007   ....         DW SampleApp_ClusterList
   \   000009   02           DB 2
   \   00000A   ....         DW SampleApp_ClusterList
    103          {
    104            SAMPLEAPP_ENDPOINT,              //  int Endpoint;
    105            SAMPLEAPP_PROFID,                //  uint16 AppProfId[2];
    106            SAMPLEAPP_DEVICEID,              //  uint16 AppDeviceId[2];
    107            SAMPLEAPP_DEVICE_VERSION,        //  int   AppDevVer:4;
    108            SAMPLEAPP_FLAGS,                 //  int   AppFlags:4;
    109            SAMPLEAPP_MAX_CLUSTERS,          //  uint8  AppNumInClusters;
    110            (cId_t *)SampleApp_ClusterList,  //  uint8 *pAppInClusterList;
    111            SAMPLEAPP_MAX_CLUSTERS,          //  uint8  AppNumInClusters;
    112            (cId_t *)SampleApp_ClusterList   //  uint8 *pAppInClusterList;
    113          };
    114          
    115          // This is the Endpoint/Interface description.  It is defined here, but
    116          // filled-in in SampleApp_Init().  Another way to go would be to fill
    117          // in the structure here and make it a "const" (in code space).  The
    118          // way it's defined in this sample app it is define in RAM.

   \                                 In  segment XDATA_Z, align 1, keep-with-next
    119          endPointDesc_t SampleApp_epDesc;
   \                     SampleApp_epDesc:
   \   000000                DS 6
   \   000006                REQUIRE __INIT_XDATA_Z
    120          
    121          /*********************************************************************
    122           * EXTERNAL VARIABLES
    123           */
    124          
    125          /*********************************************************************
    126           * EXTERNAL FUNCTIONS
    127           */
    128          
    129          /*********************************************************************
    130           * LOCAL VARIABLES
    131           */

   \                                 In  segment XDATA_Z, align 1, keep-with-next
    132          uint8 SampleApp_TaskID;   // Task ID for internal task/event processing
   \                     SampleApp_TaskID:
   \   000000                DS 1
   \   000001                REQUIRE __INIT_XDATA_Z
    133                                    // This variable will be received when
    134                                    // SampleApp_Init() is called.
    135          

   \                                 In  segment XDATA_Z, align 1, keep-with-next
    136          devStates_t SampleApp_NwkState;
   \                     SampleApp_NwkState:
   \   000000                DS 1
   \   000001                REQUIRE __INIT_XDATA_Z
    137          

   \                                 In  segment XDATA_Z, align 1, keep-with-next
    138          uint8 SampleApp_TransID;  // This is the unique message ID (counter)
   \                     SampleApp_TransID:
   \   000000                DS 1
   \   000001                REQUIRE __INIT_XDATA_Z
    139          

   \                                 In  segment XDATA_Z, align 1, keep-with-next
    140          afAddrType_t SampleApp_Periodic_DstAddr;
   \                     SampleApp_Periodic_DstAddr:
   \   000000                DS 12
   \   00000C                REQUIRE __INIT_XDATA_Z

   \                                 In  segment XDATA_Z, align 1, keep-with-next
    141          afAddrType_t SampleApp_Flash_DstAddr;
   \                     SampleApp_Flash_DstAddr:
   \   000000                DS 12
   \   00000C                REQUIRE __INIT_XDATA_Z
    142          

   \                                 In  segment XDATA_Z, align 1, keep-with-next
    143          aps_Group_t SampleApp_Group;
   \                     SampleApp_Group:
   \   000000                DS 18
   \   000012                REQUIRE __INIT_XDATA_Z
    144          

   \                                 In  segment XDATA_Z, align 1, keep-with-next
    145          uint8 SampleAppPeriodicCounter = 0;
   \                     SampleAppPeriodicCounter:
   \   000000                DS 1
   \   000001                REQUIRE __INIT_XDATA_Z

   \                                 In  segment XDATA_Z, align 1, keep-with-next
    146          uint8 SampleAppFlashCounter = 0;
   \                     SampleAppFlashCounter:
   \   000000                DS 1
   \   000001                REQUIRE __INIT_XDATA_Z
    147          

   \                                 In  segment XDATA_Z, align 1, keep-with-next
    148          uint8 ZLC_Count = 0;          // Lichao Zhang define 
   \                     ZLC_Count:
   \   000000                DS 1
   \   000001                REQUIRE __INIT_XDATA_Z

   \                                 In  segment XDATA_Z, align 1, keep-with-next
    149          int flag = 0;
   \                     flag:
   \   000000                DS 2
   \   000002                REQUIRE __INIT_XDATA_Z

   \                                 In  segment XDATA_Z, align 1, keep-with-next
    150          uint8 re[11];
   \                     re:
   \   000000                DS 11
   \   00000B                REQUIRE __INIT_XDATA_Z
    151          /*********************************************************************
    152           * LOCAL FUNCTIONS
    153           */
    154          void SampleApp_HandleKeys( uint8 shift, uint8 keys );
    155          void SampleApp_MessageMSGCB( afIncomingMSGPacket_t *pckt );
    156          void SampleApp_SendPeriodicMessage( void );
    157          void SampleApp_SendFlashMessage( uint16 flashTime );
    158          void SampleApp_SerialCMD(mtOSALSerialData_t *cmdMsg);
    159          
    160          /*********************************************************************
    161           * NETWORK LAYER CALLBACKS
    162           */
    163          
    164          /*********************************************************************
    165           * PUBLIC FUNCTIONS
    166           */
    167          
    168          /*********************************************************************
    169           * @fn      SampleApp_Init
    170           *
    171           * @brief   Initialization function for the Generic App Task.
    172           *          This is called during initialization and should contain
    173           *          any application specific initialization (ie. hardware
    174           *          initialization/setup, table initialization, power up
    175           *          notificaiton ... ).
    176           *
    177           * @param   task_id - the ID assigned by OSAL.  This ID should be
    178           *                    used to send messages and set timers.
    179           *
    180           * @return  none
    181           */
    182          extern uint8 osal_pwrmgr_task_state( uint8 task_id, uint8 state );//兰轩宇添加
    183          extern uint8 HalTimerStart (uint8 timerId, uint32 timePerTick);
    184          extern uint8 HalTimerStop (uint8 timerId);

   \                                 In  segment BANKED_CODE, align 1, keep-with-next
    185          void SampleApp_Init( uint8 task_id )
   \                     SampleApp_Init:
    186          { 
   \   000000   74F5         MOV     A,#-0xb
   \   000002   12....       LCALL   ?BANKED_ENTER_XDATA
   \   000005                ; Saved register size: 11
   \   000005                ; Auto size: 0
   \   000005   E9           MOV     A,R1
   \   000006   FE           MOV     R6,A
    187            SampleApp_TaskID = task_id;
   \   000007   90....       MOV     DPTR,#SampleApp_TaskID
   \   00000A   F0           MOVX    @DPTR,A
    188            SampleApp_NwkState = DEV_INIT;
   \   00000B   90....       MOV     DPTR,#SampleApp_NwkState
   \   00000E   7401         MOV     A,#0x1
   \   000010   F0           MOVX    @DPTR,A
    189            SampleApp_TransID = 0;
   \   000011   90....       MOV     DPTR,#SampleApp_TransID
   \   000014   E4           CLR     A
   \   000015   F0           MOVX    @DPTR,A
    190            
    191            osal_pwrmgr_task_state(task_id,PWRMGR_CONSERVE);//lxy添加
   \   000016                ; Setup parameters for call to function osal_pwrmgr_task_state
   \   000016   FA           MOV     R2,A
   \   000017   12....       LCALL   ??osal_pwrmgr_task_state?relay
    192            
    193            MT_UartInit();                  //串口初始化
   \   00001A                ; Setup parameters for call to function MT_UartInit
   \   00001A   12....       LCALL   ??MT_UartInit?relay
    194            MT_UartRegisterTaskID(task_id); //注册串口任务
   \   00001D                ; Setup parameters for call to function MT_UartRegisterTaskID
   \   00001D   EE           MOV     A,R6
   \   00001E   F9           MOV     R1,A
   \   00001F   12....       LCALL   ??MT_UartRegisterTaskID?relay
    195            HalUARTWrite(0,"UartInit OK\n", sizeof("UartInit OK\n"));//提示信息
   \   000022                ; Setup parameters for call to function HalUARTWrite
   \   000022   7C0D         MOV     R4,#0xd
   \   000024   7D00         MOV     R5,#0x0
   \   000026   7A..         MOV     R2,#`?<Constant "UartInit OK\\n">` & 0xff
   \   000028   7B..         MOV     R3,#(`?<Constant "UartInit OK\\n">` >> 8) & 0xff
   \   00002A   7900         MOV     R1,#0x0
   \   00002C   12....       LCALL   ??HalUARTWrite?relay
    196            
    197            // Device hardware initialization can be added here or in main() (Zmain.c).
    198            // If the hardware is application specific - add it here.
    199            // If the hardware is other parts of the device add it in main().
    200          
    201           #if defined ( BUILD_ALL_DEVICES )
    202            // The "Demo" target is setup to have BUILD_ALL_DEVICES and HOLD_AUTO_START
    203            // We are looking at a jumper (defined in SampleAppHw.c) to be jumpered
    204            // together - if they are - we will start up a coordinator. Otherwise,
    205            // the device will start as a router.
    206            if ( readCoordinatorJumper() )
    207              zgDeviceLogicalType = ZG_DEVICETYPE_COORDINATOR;
    208            else
    209              zgDeviceLogicalType = ZG_DEVICETYPE_ROUTER;
    210          #endif // BUILD_ALL_DEVICES
    211          
    212          #if defined ( HOLD_AUTO_START )
    213            // HOLD_AUTO_START is a compile option that will surpress ZDApp
    214            //  from starting the device and wait for the application to
    215            //  start the device.
    216            ZDOInitDevice(0);
    217          #endif
    218          
    219            // Setup for the periodic message's destination address
    220            // Broadcast to everyone
    221            SampleApp_Periodic_DstAddr.addrMode = (afAddrMode_t)AddrBroadcast;
   \   00002F   90....       MOV     DPTR,#SampleApp_Periodic_DstAddr + 8
   \   000032   740F         MOV     A,#0xf
   \   000034   F0           MOVX    @DPTR,A
    222            SampleApp_Periodic_DstAddr.endPoint = SAMPLEAPP_ENDPOINT;
   \   000035   A3           INC     DPTR
   \   000036   7414         MOV     A,#0x14
   \   000038   F0           MOVX    @DPTR,A
    223            SampleApp_Periodic_DstAddr.addr.shortAddr = 0xFFFF;
   \   000039   90....       MOV     DPTR,#SampleApp_Periodic_DstAddr
   \   00003C   74FF         MOV     A,#-0x1
   \   00003E   F0           MOVX    @DPTR,A
   \   00003F   A3           INC     DPTR
   \   000040   F0           MOVX    @DPTR,A
    224          
    225            // Setup for the flash command's destination address - Group 1
    226            SampleApp_Flash_DstAddr.addrMode = (afAddrMode_t)afAddrGroup;
   \   000041   90....       MOV     DPTR,#SampleApp_Flash_DstAddr + 8
   \   000044   7401         MOV     A,#0x1
   \   000046   F0           MOVX    @DPTR,A
    227            SampleApp_Flash_DstAddr.endPoint = SAMPLEAPP_ENDPOINT;
   \   000047   A3           INC     DPTR
   \   000048   7414         MOV     A,#0x14
   \   00004A   F0           MOVX    @DPTR,A
    228            SampleApp_Flash_DstAddr.addr.shortAddr = SAMPLEAPP_FLASH_GROUP;
   \   00004B   90....       MOV     DPTR,#SampleApp_Flash_DstAddr
   \   00004E   7401         MOV     A,#0x1
   \   000050   F0           MOVX    @DPTR,A
   \   000051   A3           INC     DPTR
   \   000052   E4           CLR     A
   \   000053   F0           MOVX    @DPTR,A
    229          
    230            // Fill out the endpoint description.
    231            SampleApp_epDesc.endPoint = SAMPLEAPP_ENDPOINT;
   \   000054   90....       MOV     DPTR,#SampleApp_epDesc
   \   000057   7414         MOV     A,#0x14
   \   000059   F0           MOVX    @DPTR,A
    232            SampleApp_epDesc.task_id = &SampleApp_TaskID;
   \   00005A   A3           INC     DPTR
   \   00005B   74..         MOV     A,#SampleApp_TaskID & 0xff
   \   00005D   F0           MOVX    @DPTR,A
   \   00005E   A3           INC     DPTR
   \   00005F   74..         MOV     A,#(SampleApp_TaskID >> 8) & 0xff
   \   000061   F0           MOVX    @DPTR,A
    233            SampleApp_epDesc.simpleDesc
    234                      = (SimpleDescriptionFormat_t *)&SampleApp_SimpleDesc;
   \   000062   A3           INC     DPTR
   \   000063   74..         MOV     A,#SampleApp_SimpleDesc & 0xff
   \   000065   F0           MOVX    @DPTR,A
   \   000066   A3           INC     DPTR
   \   000067   74..         MOV     A,#(SampleApp_SimpleDesc >> 8) & 0xff
   \   000069   F0           MOVX    @DPTR,A
    235            SampleApp_epDesc.latencyReq = noLatencyReqs;
   \   00006A   A3           INC     DPTR
   \   00006B   E4           CLR     A
   \   00006C   F0           MOVX    @DPTR,A
    236          
    237            // Register the endpoint description with the AF
    238            afRegister( &SampleApp_epDesc );
   \   00006D                ; Setup parameters for call to function afRegister
   \   00006D   7A..         MOV     R2,#SampleApp_epDesc & 0xff
   \   00006F   7B..         MOV     R3,#(SampleApp_epDesc >> 8) & 0xff
   \   000071   12....       LCALL   ??afRegister?relay
    239          
    240            // Register for all key events - This app will handle all key events
    241            RegisterForKeys( SampleApp_TaskID );
   \   000074                ; Setup parameters for call to function RegisterForKeys
   \   000074   90....       MOV     DPTR,#SampleApp_TaskID
   \   000077   E0           MOVX    A,@DPTR
   \   000078   F9           MOV     R1,A
   \   000079   12....       LCALL   ??RegisterForKeys?relay
    242          
    243            // By default, all devices start out in Group 1
    244            SampleApp_Group.ID = 0x0001;
   \   00007C   90....       MOV     DPTR,#SampleApp_Group
   \   00007F   7401         MOV     A,#0x1
   \   000081   F0           MOVX    @DPTR,A
   \   000082   A3           INC     DPTR
   \   000083   E4           CLR     A
   \   000084   F0           MOVX    @DPTR,A
    245            osal_memcpy( SampleApp_Group.name, "Group 1", 7 );
   \   000085                ; Setup parameters for call to function osal_memcpy
   \   000085   75....       MOV     ?V0 + 0,#`?<Constant "Group 1">` & 0xff
   \   000088   75....       MOV     ?V0 + 1,#(`?<Constant "Group 1">` >> 8) & 0xff
   \   00008B   F5..         MOV     ?V0 + 2,A
   \   00008D   78..         MOV     R0,#?V0 + 0
   \   00008F   12....       LCALL   ?PUSH_XSTACK_I_THREE
   \   000092   7C07         MOV     R4,#0x7
   \   000094   7D00         MOV     R5,#0x0
   \   000096   7A..         MOV     R2,#(SampleApp_Group + 2) & 0xff
   \   000098   7B..         MOV     R3,#((SampleApp_Group + 2) >> 8) & 0xff
   \   00009A   12....       LCALL   ??osal_memcpy?relay
   \   00009D   7403         MOV     A,#0x3
   \   00009F   12....       LCALL   ?DEALLOC_XSTACK8
    246            aps_AddGroup( SAMPLEAPP_ENDPOINT, &SampleApp_Group );
   \   0000A2                ; Setup parameters for call to function aps_AddGroup
   \   0000A2   7A..         MOV     R2,#SampleApp_Group & 0xff
   \   0000A4   7B..         MOV     R3,#(SampleApp_Group >> 8) & 0xff
   \   0000A6   7914         MOV     R1,#0x14
   \   0000A8   12....       LCALL   ??aps_AddGroup?relay
    247          
    248          #if defined ( LCD_SUPPORTED )
    249            HalLcdWriteString( "SampleApp", HAL_LCD_LINE_1 );
   \   0000AB                ; Setup parameters for call to function HalLcdWriteString
   \   0000AB   7901         MOV     R1,#0x1
   \   0000AD   7A..         MOV     R2,#`?<Constant "SampleApp">` & 0xff
   \   0000AF   7B..         MOV     R3,#(`?<Constant "SampleApp">` >> 8) & 0xff
   \   0000B1   12....       LCALL   ??HalLcdWriteString?relay
    250          #endif
    251          }
   \   0000B4   7F03         MOV     R7,#0x3
   \   0000B6   02....       LJMP    ?BANKED_LEAVE_XDATA
    252          
    253          /*********************************************************************
    254           * @fn      SampleApp_ProcessEvent
    255           *
    256           * @brief   Generic Application Task event processor.  This function
    257           *          is called to process all events for the task.  Events
    258           *          include timers, messages and any other user defined events.
    259           *
    260           * @param   task_id  - The OSAL assigned task ID.
    261           * @param   events - events to process.  This is a bit map and can
    262           *                   contain more than one event.
    263           *
    264           * @return  none
    265           */

   \                                 In  segment BANKED_CODE, align 1, keep-with-next
    266          uint16 SampleApp_ProcessEvent( uint8 task_id, uint16 events )
   \                     SampleApp_ProcessEvent:
    267          {
   \   000000   74F4         MOV     A,#-0xc
   \   000002   12....       LCALL   ?BANKED_ENTER_XDATA
   \   000005                ; Saved register size: 12
   \   000005                ; Auto size: 0
   \   000005   EA           MOV     A,R2
   \   000006   FE           MOV     R6,A
   \   000007   EB           MOV     A,R3
   \   000008   FF           MOV     R7,A
    268            afIncomingMSGPacket_t *MSGpkt;
    269            
    270            //Defined by Lichao Zhang
    271            uint8 timerIdNISL;
                         ^
Warning[Pe177]: variable "timerIdNISL" was declared but never referenced
    272            uint32 timePerTickNISL;
                          ^
Warning[Pe177]: variable "timePerTickNISL" was declared but never referenced
    273             
    274            (void)task_id;  // Intentionally unreferenced parameter
    275            
    276          
    277            if ( events & SYS_EVENT_MSG )
   \   000009   5480         ANL     A,#0x80
   \   00000B   606F         JZ      ??SampleApp_ProcessEvent_0
    278            {
    279              
    280              MSGpkt = (afIncomingMSGPacket_t *)osal_msg_receive( SampleApp_TaskID );
   \   00000D                ; Setup parameters for call to function osal_msg_receive
   \   00000D   8021         SJMP    ??SampleApp_ProcessEvent_1
    281              //ZLC_Count++;     //Lichao Zhang define
    282              while ( MSGpkt )
    283              {
    284                switch ( MSGpkt->hdr.event )
    285                {        
    286                  // Received when a key is pressed
    287                  case KEY_CHANGE:
    288                    SampleApp_HandleKeys( ((keyChange_t *)MSGpkt)->state, ((keyChange_t *)MSGpkt)->keys );
    289                    break;
    290          
    291                  // Received when a messages is received (OTA) for this endpoint
    292                  case AF_INCOMING_MSG_CMD:
    293                    SampleApp_MessageMSGCB( MSGpkt );
    294                    break;
    295          
    296                  // Received whenever the device changes state in the network
    297                  case ZDO_STATE_CHANGE:
    298                    SampleApp_NwkState = (devStates_t)(MSGpkt->hdr.status);
   \                     ??SampleApp_ProcessEvent_2:
   \   00000F   A3           INC     DPTR
   \   000010   E0           MOVX    A,@DPTR
   \   000011   90....       MOV     DPTR,#SampleApp_NwkState
   \   000014   F0           MOVX    @DPTR,A
    299                    if ( //(SampleApp_NwkState == DEV_ZB_COORD) ||
    300                           (SampleApp_NwkState == DEV_ROUTER)
    301                        || (SampleApp_NwkState == DEV_END_DEVICE) )
   \   000015   6407         XRL     A,#0x7
   \   000017   6005         JZ      ??SampleApp_ProcessEvent_3
   \   000019   E0           MOVX    A,@DPTR
   \   00001A   6406         XRL     A,#0x6
   \   00001C   700B         JNZ     ??CrossCallReturnLabel_2
    302                    {
    303                      // Start sending the periodic message in a regular interval.
    304                      osal_start_timerEx( SampleApp_TaskID,
    305                                        SAMPLEAPP_SEND_PERIODIC_MSG_EVT,
    306                                        SAMPLEAPP_SEND_PERIODIC_MSG_TIMEOUT );
   \                     ??SampleApp_ProcessEvent_3:
   \   00001E                ; Setup parameters for call to function osal_start_timerEx
   \   00001E   7CE8         MOV     R4,#-0x18
   \   000020   7D03         MOV     R5,#0x3
   \   000022   7A01         MOV     R2,#0x1
   \   000024   7B00         MOV     R3,#0x0
   \   000026   12....       LCALL   ?Subroutine3 & 0xFFFF
    307                    }
    308                    else
    309                    {
    310                      // Device is no longer in the network
    311                    }
    312                    break;
    313          
    314                  default:
    315                    break;
    316                }
    317          
    318                // Release the memory
    319                osal_msg_deallocate( (uint8 *)MSGpkt );
   \                     ??CrossCallReturnLabel_2:
   \   000029                ; Setup parameters for call to function osal_msg_deallocate
   \   000029   AA..         MOV     R2,?V0 + 0
   \   00002B   AB..         MOV     R3,?V0 + 1
   \   00002D   12....       LCALL   ??osal_msg_deallocate?relay
    320          
    321                // Next - if one is available
    322                MSGpkt = (afIncomingMSGPacket_t *)osal_msg_receive( SampleApp_TaskID );
   \   000030                ; Setup parameters for call to function osal_msg_receive
   \                     ??SampleApp_ProcessEvent_1:
   \   000030   90....       MOV     DPTR,#SampleApp_TaskID
   \   000033   E0           MOVX    A,@DPTR
   \   000034   F9           MOV     R1,A
   \   000035   12....       LCALL   ??osal_msg_receive?relay
   \   000038   8A..         MOV     ?V0 + 0,R2
   \   00003A   8B..         MOV     ?V0 + 1,R3
   \   00003C   E5..         MOV     A,?V0 + 0
   \   00003E   45..         ORL     A,?V0 + 1
   \   000040   6032         JZ      ??SampleApp_ProcessEvent_4
   \   000042   85..82       MOV     DPL,?V0 + 0
   \   000045   85..83       MOV     DPH,?V0 + 1
   \   000048   E0           MOVX    A,@DPTR
   \   000049   24E6         ADD     A,#-0x1a
   \   00004B   601E         JZ      ??SampleApp_ProcessEvent_5
   \   00004D   245A         ADD     A,#0x5a
   \   00004F   6006         JZ      ??SampleApp_ProcessEvent_6
   \   000051   24EF         ADD     A,#-0x11
   \   000053   60BA         JZ      ??SampleApp_ProcessEvent_2
   \   000055   80D2         SJMP    ??CrossCallReturnLabel_2
   \                     ??SampleApp_ProcessEvent_6:
   \   000057                ; Setup parameters for call to function SampleApp_HandleKeys
   \   000057   A3           INC     DPTR
   \   000058   A3           INC     DPTR
   \   000059   A3           INC     DPTR
   \   00005A   E0           MOVX    A,@DPTR
   \   00005B   FA           MOV     R2,A
   \   00005C   85..82       MOV     DPL,?V0 + 0
   \   00005F   85..83       MOV     DPH,?V0 + 1
   \   000062   A3           INC     DPTR
   \   000063   A3           INC     DPTR
   \   000064   E0           MOVX    A,@DPTR
   \   000065   F9           MOV     R1,A
   \   000066   12....       LCALL   ??SampleApp_HandleKeys?relay
   \   000069   80BE         SJMP    ??CrossCallReturnLabel_2
   \                     ??SampleApp_ProcessEvent_5:
   \   00006B                ; Setup parameters for call to function SampleApp_MessageMSGCB
   \   00006B   AA..         MOV     R2,?V0 + 0
   \   00006D   AB..         MOV     R3,?V0 + 1
   \   00006F   12....       LCALL   ??SampleApp_MessageMSGCB?relay
   \   000072   80B5         SJMP    ??CrossCallReturnLabel_2
    323              }
    324          
    325              // return unprocessed events
    326              return (events ^ SYS_EVENT_MSG);
   \                     ??SampleApp_ProcessEvent_4:
   \   000074   EE           MOV     A,R6
   \   000075   FA           MOV     R2,A
   \   000076   EF           MOV     A,R7
   \   000077   6480         XRL     A,#0x80
   \                     ??SampleApp_ProcessEvent_7:
   \   000079   FB           MOV     R3,A
   \   00007A   8053         SJMP    ??SampleApp_ProcessEvent_8
    327            }
    328          
    329            // Send a message out - This event is generated by a timer
    330            //  (setup in SampleApp_Init()).
    331            if ( events & SAMPLEAPP_SEND_PERIODIC_MSG_EVT )
   \                     ??SampleApp_ProcessEvent_0:
   \   00007C   EE           MOV     A,R6
   \   00007D   A2E0         MOV     C,0xE0 /* A   */.0
   \   00007F   5010         JNC     ??SampleApp_ProcessEvent_9
    332            {
    333              // Send the periodic message
    334              SampleApp_SendPeriodicMessage();
   \   000081                ; Setup parameters for call to function SampleApp_SendPeriodicMessage
   \   000081   12....       LCALL   ??SampleApp_SendPeriodicMessage?relay
    335          
    336              // Setup to send message again in normal period (+ a little jitter)
    337              osal_start_timerEx( SampleApp_TaskID, NISL_ZLC_COUNT_EVT,
    338                  (SAMPLEAPP_SEND_PERIODIC_MSG_TIMEOUT + (osal_rand() & 0x00FF)) );
   \   000084                ; Setup parameters for call to function osal_rand
   \   000084   12....       LCALL   ?Subroutine2 & 0xFFFF
   \                     ??CrossCallReturnLabel_0:
   \   000087   12....       LCALL   ?Subroutine3 & 0xFFFF
    339          
    340              // return unprocessed events
    341              return (events ^ SAMPLEAPP_SEND_PERIODIC_MSG_EVT);
   \                     ??CrossCallReturnLabel_3:
   \   00008A   EE           MOV     A,R6
   \   00008B   6401         XRL     A,#0x1
   \                     ??SampleApp_ProcessEvent_10:
   \   00008D   FA           MOV     R2,A
   \   00008E   EF           MOV     A,R7
   \   00008F   80E8         SJMP    ??SampleApp_ProcessEvent_7
    342            }
    343            
    344            //Defined by Lichao Zhang
    345            if ( events & NISL_ZLC_COUNT_EVT )
   \                     ??SampleApp_ProcessEvent_9:
   \   000091   5410         ANL     A,#0x10
   \   000093   6036         JZ      ??SampleApp_ProcessEvent_11
    346            {
    347              
    348              if(flag < 3)
   \   000095   90....       MOV     DPTR,#flag
   \   000098   C3           CLR     C
   \   000099   E0           MOVX    A,@DPTR
   \   00009A   9403         SUBB    A,#0x3
   \   00009C   A3           INC     DPTR
   \   00009D   E0           MOVX    A,@DPTR
   \   00009E   9400         SUBB    A,#0x0
   \   0000A0   A2D2         MOV     C,0xD0 /* PSW */.2
   \   0000A2   65D0         XRL     A,PSW
   \   0000A4   33           RLC     A
   \   0000A5   90....       MOV     DPTR,#flag
   \   0000A8   500E         JNC     ??SampleApp_ProcessEvent_12
    349              {
    350                flag++;
   \   0000AA   E0           MOVX    A,@DPTR
   \   0000AB   2401         ADD     A,#0x1
   \   0000AD   F0           MOVX    @DPTR,A
   \   0000AE   A3           INC     DPTR
   \   0000AF   E0           MOVX    A,@DPTR
   \   0000B0   3400         ADDC    A,#0x0
   \   0000B2   F0           MOVX    @DPTR,A
    351                osal_start_timerEx( SampleApp_TaskID, NISL_ZLC_COUNT_EVT,
    352                  (SAMPLEAPP_SEND_PERIODIC_MSG_TIMEOUT + (osal_rand() & 0x00FF)) );
   \   0000B3                ; Setup parameters for call to function osal_rand
   \   0000B3   12....       LCALL   ?Subroutine2 & 0xFFFF
    353              }
   \                     ??CrossCallReturnLabel_1:
   \   0000B6   800B         SJMP    ??SampleApp_ProcessEvent_13
    354              else
    355              {
    356                flag = 0;
   \                     ??SampleApp_ProcessEvent_12:
   \   0000B8   E4           CLR     A
   \   0000B9   F0           MOVX    @DPTR,A
   \   0000BA   A3           INC     DPTR
   \   0000BB   F0           MOVX    @DPTR,A
    357                osal_start_timerEx( SampleApp_TaskID,
    358                                   SAMPLEAPP_SEND_PERIODIC_MSG_EVT,
    359                                   SAMPLEAPP_SEND_PERIODIC_MSG_TIMEOUT );
   \   0000BC                ; Setup parameters for call to function osal_start_timerEx
   \   0000BC   7CE8         MOV     R4,#-0x18
   \   0000BE   7D03         MOV     R5,#0x3
   \   0000C0   7A01         MOV     R2,#0x1
   \   0000C2   FB           MOV     R3,A
    360              }
   \                     ??SampleApp_ProcessEvent_13:
   \   0000C3   12....       LCALL   ?Subroutine3 & 0xFFFF
    361              return (events ^ NISL_ZLC_COUNT_EVT);
   \                     ??CrossCallReturnLabel_4:
   \   0000C6   EE           MOV     A,R6
   \   0000C7   6410         XRL     A,#0x10
   \   0000C9   80C2         SJMP    ??SampleApp_ProcessEvent_10
    362            }
    363          
    364            // Discard unknown events
    365            return 0;
   \                     ??SampleApp_ProcessEvent_11:
   \   0000CB   7A00         MOV     R2,#0x0
   \   0000CD   7B00         MOV     R3,#0x0
   \                     ??SampleApp_ProcessEvent_8:
   \   0000CF                REQUIRE ?Subroutine0
   \   0000CF                ; // Fall through to label ?Subroutine0
    366          }

   \                                 In  segment BANKED_CODE, align 1, keep-with-next
   \                     ?Subroutine0:
   \   000000   7F04         MOV     R7,#0x4
   \   000002   02....       LJMP    ?BANKED_LEAVE_XDATA

   \                                 In  segment BANKED_CODE, align 1, keep-with-next
   \                     ?Subroutine3:
   \   000000   90....       MOV     DPTR,#SampleApp_TaskID
   \   000003   E0           MOVX    A,@DPTR
   \   000004   F9           MOV     R1,A
   \   000005   12....       LCALL   ??osal_start_timerEx?relay
   \   000008   22           RET

   \                                 In  segment BANKED_CODE, align 1, keep-with-next
   \                     ?Subroutine2:
   \   000000   12....       LCALL   ??osal_rand?relay
   \   000003                ; Setup parameters for call to function osal_start_timerEx
   \   000003                ; Setup parameters for call to function osal_start_timerEx
   \   000003   EA           MOV     A,R2
   \   000004   24E8         ADD     A,#-0x18
   \   000006   FC           MOV     R4,A
   \   000007   E4           CLR     A
   \   000008   3403         ADDC    A,#0x3
   \   00000A   FD           MOV     R5,A
   \   00000B   7A10         MOV     R2,#0x10
   \   00000D   7B00         MOV     R3,#0x0
   \   00000F   22           RET
    367          
    368          /*********************************************************************
    369           * Event Generation Functions
    370           */
    371          /*********************************************************************
    372           * @fn      SampleApp_HandleKeys
    373           *
    374           * @brief   Handles all key events for this device.
    375           *
    376           * @param   shift - true if in shift/alt.
    377           * @param   keys - bit field for key events. Valid entries:
    378           *                 HAL_KEY_SW_2
    379           *                 HAL_KEY_SW_1
    380           *
    381           * @return  none
    382           */

   \                                 In  segment BANKED_CODE, align 1, keep-with-next
    383          void SampleApp_HandleKeys( uint8 shift, uint8 keys )
   \                     SampleApp_HandleKeys:
    384          {
   \   000000   74F6         MOV     A,#-0xa
   \   000002   12....       LCALL   ?BANKED_ENTER_XDATA
   \   000005                ; Saved register size: 10
   \   000005                ; Auto size: 0
   \   000005   EA           MOV     A,R2
   \   000006   FE           MOV     R6,A
    385            (void)shift;  // Intentionally unreferenced parameter
    386            
    387            if ( keys & HAL_KEY_SW_1 )
   \   000007   A2E0         MOV     C,0xE0 /* A   */.0
   \   000009   5007         JNC     ??SampleApp_HandleKeys_0
    388            {
    389              /* This key sends the Flash Command is sent to Group 1.
    390               * This device will not receive the Flash Command from this
    391               * device (even if it belongs to group 1).
    392               */
    393              SampleApp_SendFlashMessage( SAMPLEAPP_FLASH_DURATION );
   \   00000B                ; Setup parameters for call to function SampleApp_SendFlashMessage
   \   00000B   7AE8         MOV     R2,#-0x18
   \   00000D   7B03         MOV     R3,#0x3
   \   00000F   12....       LCALL   ??SampleApp_SendFlashMessage?relay
    394            }
    395          
    396            if ( keys & HAL_KEY_SW_2 )
   \                     ??SampleApp_HandleKeys_0:
   \   000012   EE           MOV     A,R6
   \   000013   A2E1         MOV     C,0xE0 /* A   */.1
   \   000015   5024         JNC     ??SampleApp_HandleKeys_1
    397            {
    398              /* The Flashr Command is sent to Group 1.
    399               * This key toggles this device in and out of group 1.
    400               * If this device doesn't belong to group 1, this application
    401               * will not receive the Flash command sent to group 1.
    402               */
    403              aps_Group_t *grp;
    404              grp = aps_FindGroup( SAMPLEAPP_ENDPOINT, SAMPLEAPP_FLASH_GROUP );
    405              if ( grp )
   \   000017                ; Setup parameters for call to function aps_FindGroup
   \   000017   7A01         MOV     R2,#0x1
   \   000019   7B00         MOV     R3,#0x0
   \   00001B   7914         MOV     R1,#0x14
   \   00001D   12....       LCALL   ??aps_FindGroup?relay
   \   000020   8B..         MOV     ?V0 + 1,R3
   \   000022   EA           MOV     A,R2
   \   000023   45..         ORL     A,?V0 + 1
   \   000025   600B         JZ      ??SampleApp_HandleKeys_2
    406              {
    407                // Remove from the group
    408                aps_RemoveGroup( SAMPLEAPP_ENDPOINT, SAMPLEAPP_FLASH_GROUP );
   \   000027                ; Setup parameters for call to function aps_RemoveGroup
   \   000027   7A01         MOV     R2,#0x1
   \   000029   7B00         MOV     R3,#0x0
   \   00002B   7914         MOV     R1,#0x14
   \   00002D   12....       LCALL   ??aps_RemoveGroup?relay
   \   000030   8009         SJMP    ??SampleApp_HandleKeys_1
    409              }
    410              else
    411              {
    412                // Add to the flash group
    413                aps_AddGroup( SAMPLEAPP_ENDPOINT, &SampleApp_Group );
   \                     ??SampleApp_HandleKeys_2:
   \   000032                ; Setup parameters for call to function aps_AddGroup
   \   000032   7A..         MOV     R2,#SampleApp_Group & 0xff
   \   000034   7B..         MOV     R3,#(SampleApp_Group >> 8) & 0xff
   \   000036   7914         MOV     R1,#0x14
   \   000038   12....       LCALL   ??aps_AddGroup?relay
    414              }
    415            }
    416          }
   \                     ??SampleApp_HandleKeys_1:
   \   00003B                REQUIRE ?Subroutine1
   \   00003B                ; // Fall through to label ?Subroutine1

   \                                 In  segment BANKED_CODE, align 1, keep-with-next
   \                     ?Subroutine1:
   \   000000   7F02         MOV     R7,#0x2
   \   000002   02....       LJMP    ?BANKED_LEAVE_XDATA
    417          
    418          /*********************************************************************
    419           * LOCAL FUNCTIONS
    420           */
    421          
    422          /*********************************************************************
    423           * @fn      SampleApp_MessageMSGCB
    424           *
    425           * @brief   Data message processor callback.  This function processes
    426           *          any incoming data - probably from other devices.  So, based
    427           *          on cluster ID, perform the intended action.
    428           *
    429           * @param   none
    430           *
    431           * @return  none
    432           */

   \                                 In  segment BANKED_CODE, align 1, keep-with-next
    433          void SampleApp_MessageMSGCB( afIncomingMSGPacket_t *pkt ) //接收数据
   \                     SampleApp_MessageMSGCB:
    434          {
   \   000000   74F4         MOV     A,#-0xc
   \   000002   12....       LCALL   ?BANKED_ENTER_XDATA
   \   000005                ; Saved register size: 12
   \   000005                ; Auto size: 0
   \   000005   EA           MOV     A,R2
   \   000006   FE           MOV     R6,A
   \   000007   EB           MOV     A,R3
   \   000008   FF           MOV     R7,A
    435            uint16 flashTime;
    436          
    437            switch ( pkt->clusterId )
   \   000009   EE           MOV     A,R6
   \   00000A   2421         ADD     A,#0x21
   \   00000C   F5..         MOV     ?V0 + 0,A
   \   00000E   EF           MOV     A,R7
   \   00000F   3400         ADDC    A,#0x0
   \   000011   F5..         MOV     ?V0 + 1,A
   \   000013   8E82         MOV     DPL,R6
   \   000015   8F83         MOV     DPH,R7
   \   000017   A3           INC     DPTR
   \   000018   A3           INC     DPTR
   \   000019   A3           INC     DPTR
   \   00001A   A3           INC     DPTR
   \   00001B   E0           MOVX    A,@DPTR
   \   00001C   F5..         MOV     ?V0 + 2,A
   \   00001E   A3           INC     DPTR
   \   00001F   E0           MOVX    A,@DPTR
   \   000020   F5..         MOV     ?V0 + 3,A
   \   000022   78..         MOV     R0,#?V0 + 2
   \   000024   12....       LCALL   ?US_SWITCH_DENSE
   \                     `?<Jumptable for SampleApp_MessageMSGCB>_0`:
   \   000027   0100         DW        1
   \   000029   01           DB        1
   \   00002A   ....         DW        ??SampleApp_MessageMSGCB_0
   \   00002C   ....         DW        ??SampleApp_MessageMSGCB_1
   \   00002E   ....         DW        ??SampleApp_MessageMSGCB_2
    438            {
    439              case SAMPLEAPP_PERIODIC_CLUSTERID:
    440                HalUARTWrite(0, "Rx:", 3);        //提示信息
   \                     ??SampleApp_MessageMSGCB_1:
   \   000030                ; Setup parameters for call to function HalUARTWrite
   \   000030   7C03         MOV     R4,#0x3
   \   000032   7D00         MOV     R5,#0x0
   \   000034   7A..         MOV     R2,#`?<Constant "Rx:">` & 0xff
   \   000036   7B..         MOV     R3,#(`?<Constant "Rx:">` >> 8) & 0xff
   \   000038   7900         MOV     R1,#0x0
   \   00003A   12....       LCALL   ??HalUARTWrite?relay
    441                HalUARTWrite(0, pkt->cmd.Data, pkt->cmd.DataLength); //输出接收到的数据
   \   00003D                ; Setup parameters for call to function HalUARTWrite
   \   00003D   EE           MOV     A,R6
   \   00003E   241F         ADD     A,#0x1f
   \   000040   F582         MOV     DPL,A
   \   000042   EF           MOV     A,R7
   \   000043   3400         ADDC    A,#0x0
   \   000045   F583         MOV     DPH,A
   \   000047   E0           MOVX    A,@DPTR
   \   000048   FC           MOV     R4,A
   \   000049   A3           INC     DPTR
   \   00004A   E0           MOVX    A,@DPTR
   \   00004B   FD           MOV     R5,A
   \   00004C   85..82       MOV     DPL,?V0 + 0
   \   00004F   85..83       MOV     DPH,?V0 + 1
   \   000052   E0           MOVX    A,@DPTR
   \   000053   FA           MOV     R2,A
   \   000054   A3           INC     DPTR
   \   000055   E0           MOVX    A,@DPTR
   \   000056   FB           MOV     R3,A
   \   000057   7900         MOV     R1,#0x0
   \   000059   12....       LCALL   ??HalUARTWrite?relay
    442                HalUARTWrite(0, "\n", 1);         //回车换行
   \   00005C                ; Setup parameters for call to function HalUARTWrite
   \   00005C   7C01         MOV     R4,#0x1
   \   00005E   7D00         MOV     R5,#0x0
   \   000060   7A..         MOV     R2,#`?<Constant "\\n">` & 0xff
   \   000062   7B..         MOV     R3,#(`?<Constant "\\n">` >> 8) & 0xff
   \   000064   7900         MOV     R1,#0x0
   \   000066   12....       LCALL   ??HalUARTWrite?relay
    443                break;
   \   000069   8037         SJMP    ??SampleApp_MessageMSGCB_0
    444          
    445              case SAMPLEAPP_FLASH_CLUSTERID:     //此实验没有使用，到后面实验详解
    446                flashTime = BUILD_UINT16(pkt->cmd.Data[1], pkt->cmd.Data[2] );
    447                HalLedBlink( HAL_LED_4, 4, 50, (flashTime / 4) );
   \                     ??SampleApp_MessageMSGCB_2:
   \   00006B   85..82       MOV     DPL,?V0 + 0
   \   00006E   85..83       MOV     DPH,?V0 + 1
   \   000071   E0           MOVX    A,@DPTR
   \   000072   F8           MOV     R0,A
   \   000073   A3           INC     DPTR
   \   000074   E0           MOVX    A,@DPTR
   \   000075   F9           MOV     R1,A
   \   000076                ; Setup parameters for call to function HalLedBlink
   \   000076   8882         MOV     DPL,R0
   \   000078   8983         MOV     DPH,R1
   \   00007A   A3           INC     DPTR
   \   00007B   E0           MOVX    A,@DPTR
   \   00007C   FA           MOV     R2,A
   \   00007D   8882         MOV     DPL,R0
   \   00007F   8983         MOV     DPH,R1
   \   000081   A3           INC     DPTR
   \   000082   A3           INC     DPTR
   \   000083   E0           MOVX    A,@DPTR
   \   000084   F9           MOV     R1,A
   \   000085   EA           MOV     A,R2
   \   000086   2400         ADD     A,#0x0
   \   000088   F5..         MOV     ?V0 + 0,A
   \   00008A   E4           CLR     A
   \   00008B   39           ADDC    A,R1
   \   00008C   F5..         MOV     ?V0 + 1,A
   \   00008E   7402         MOV     A,#0x2
   \   000090   78..         MOV     R0,#?V0 + 0
   \   000092   12....       LCALL   ?US_SHR
   \   000095   AC..         MOV     R4,?V0 + 0
   \   000097   AD..         MOV     R5,?V0 + 1
   \   000099   7B32         MOV     R3,#0x32
   \   00009B   7A04         MOV     R2,#0x4
   \   00009D   7908         MOV     R1,#0x8
   \   00009F   12....       LCALL   ??HalLedBlink?relay
    448                break;
    449            }
    450          }
   \                     ??SampleApp_MessageMSGCB_0:
   \   0000A2   02....       LJMP    ?Subroutine0 & 0xFFFF
    451          
    452          /*********************************************************************
    453           * @fn      SampleApp_SendPeriodicMessage
    454           *
    455           * @brief   Send the periodic message.
    456           *
    457           * @param   none
    458           *
    459           * @return  none
    460           */

   \                                 In  segment BANKED_CODE, align 1, keep-with-next
    461          void SampleApp_SendPeriodicMessage( void )
   \                     SampleApp_SendPeriodicMessage:
    462          {
   \   000000   C082         PUSH    DPL
   \   000002   C083         PUSH    DPH
   \   000004                ; Saved register size: 2
   \   000004                ; Auto size: 11
   \   000004   74F5         MOV     A,#-0xb
   \   000006   12....       LCALL   ?ALLOC_XSTACK8
    463           
    464            uint8 data[11]="0123456789";
   \   000009   85..82       MOV     DPL,?XSP + 0
   \   00000C   85..83       MOV     DPH,?XSP + 1
   \   00000F   AC82         MOV     R4,DPL
   \   000011   AD83         MOV     R5,DPH
   \   000013   7583..       MOV     DPH,#(`?<Constant "0123456789">` >> 8) & 0xff
   \   000016   7582..       MOV     DPL,#`?<Constant "0123456789">` & 0xff
   \   000019   740B         MOV     A,#0xb
   \   00001B   12....       LCALL   ?MOVE_LONG8_XDATA_XDATA
    465            HalUARTWrite(0,data,10);
   \   00001E                ; Setup parameters for call to function HalUARTWrite
   \   00001E   7C0A         MOV     R4,#0xa
   \   000020   FD           MOV     R5,A
   \   000021   85..82       MOV     DPL,?XSP + 0
   \   000024   85..83       MOV     DPH,?XSP + 1
   \   000027   AA82         MOV     R2,DPL
   \   000029   AB83         MOV     R3,DPH
   \   00002B   F9           MOV     R1,A
   \   00002C   12....       LCALL   ??HalUARTWrite?relay
    466            
    467          //  if(0/*HalUARTRead(0,re,10)*/){
    468          //    if ( AF_DataRequest( &SampleApp_Periodic_DstAddr, &SampleApp_epDesc,
    469          //                       SAMPLEAPP_PERIODIC_CLUSTERID,
    470          //                       10,
    471          //                       data,
    472          //                       &SampleApp_TransID,
    473          //                       AF_DISCV_ROUTE,
    474          //                       AF_DEFAULT_RADIUS ) == afStatus_SUCCESS )
    475          //  {//张立超添加
    476          //    HalLedSet (HAL_LED_2, HAL_LED_MODE_TOGGLE);   //设置灯状态
    477          ////    HAL_TURN_ON_LED1();
    478          ////    HAL_TURN_OFF_LED2();
    479          ////    HAL_TURN_ON_LED3();
    480          ////    HAL_TURN_OFF_LED4();
    481          //  }
    482          //  else
    483          //  {
    484          //    // Error occurred in request to send.
    485          //  }
    486          //  }
    487            
    488          }
   \   00002F   740B         MOV     A,#0xb
   \   000031   12....       LCALL   ?DEALLOC_XSTACK8
   \   000034   D083         POP     DPH
   \   000036   D082         POP     DPL
   \   000038   02....       LJMP    ?BRET
    489          
    490          /*********************************************************************
    491           * @fn      SampleApp_SendFlashMessage
    492           *
    493           * @brief   Send the flash message to group 1.
    494           *
    495           * @param   flashTime - in milliseconds
    496           *
    497           * @return  none
    498           */

   \                                 In  segment BANKED_CODE, align 1, keep-with-next
    499          void SampleApp_SendFlashMessage( uint16 flashTime )
   \                     SampleApp_SendFlashMessage:
    500          {
   \   000000   74F6         MOV     A,#-0xa
   \   000002   12....       LCALL   ?BANKED_ENTER_XDATA
   \   000005                ; Saved register size: 10
   \   000005                ; Auto size: 3
   \   000005   74FD         MOV     A,#-0x3
   \   000007   12....       LCALL   ?ALLOC_XSTACK8
    501            uint8 buffer[3];
    502            buffer[0] = (uint8)(SampleAppFlashCounter++);
   \   00000A   90....       MOV     DPTR,#SampleAppFlashCounter
   \   00000D   E0           MOVX    A,@DPTR
   \   00000E   85..82       MOV     DPL,?XSP + 0
   \   000011   85..83       MOV     DPH,?XSP + 1
   \   000014   F0           MOVX    @DPTR,A
   \   000015   90....       MOV     DPTR,#SampleAppFlashCounter
   \   000018   E0           MOVX    A,@DPTR
   \   000019   04           INC     A
   \   00001A   F0           MOVX    @DPTR,A
    503            buffer[1] = LO_UINT16( flashTime );
   \   00001B   7401         MOV     A,#0x1
   \   00001D   12....       LCALL   ?XSTACK_DISP0_8
   \   000020   EA           MOV     A,R2
   \   000021   F0           MOVX    @DPTR,A
    504            buffer[2] = HI_UINT16( flashTime );
   \   000022   7402         MOV     A,#0x2
   \   000024   12....       LCALL   ?XSTACK_DISP0_8
   \   000027   EB           MOV     A,R3
   \   000028   F0           MOVX    @DPTR,A
    505          
    506            if ( AF_DataRequest( &SampleApp_Flash_DstAddr, &SampleApp_epDesc,
    507                                 SAMPLEAPP_FLASH_CLUSTERID,
    508                                 3,
    509                                 buffer,
    510                                 &SampleApp_TransID,
    511                                 AF_DISCV_ROUTE,
    512                                 AF_DEFAULT_RADIUS ) == afStatus_SUCCESS )
   \   000029                ; Setup parameters for call to function AF_DataRequest
   \   000029   75..1E       MOV     ?V0 + 0,#0x1e
   \   00002C   78..         MOV     R0,#?V0 + 0
   \   00002E   12....       LCALL   ?PUSH_XSTACK_I_ONE
   \   000031   75....       MOV     ?V0 + 0,#SampleApp_TransID & 0xff
   \   000034   75....       MOV     ?V0 + 1,#(SampleApp_TransID >> 8) & 0xff
   \   000037   78..         MOV     R0,#?V0 + 0
   \   000039   12....       LCALL   ?PUSH_XSTACK_I_TWO
   \   00003C   7403         MOV     A,#0x3
   \   00003E   12....       LCALL   ?XSTACK_DISP0_8
   \   000041   8582..       MOV     ?V0 + 0,DPL
   \   000044   8583..       MOV     ?V0 + 1,DPH
   \   000047   78..         MOV     R0,#?V0 + 0
   \   000049   12....       LCALL   ?PUSH_XSTACK_I_TWO
   \   00004C   75..03       MOV     ?V0 + 0,#0x3
   \   00004F   75..00       MOV     ?V0 + 1,#0x0
   \   000052   78..         MOV     R0,#?V0 + 0
   \   000054   12....       LCALL   ?PUSH_XSTACK_I_TWO
   \   000057   75..02       MOV     ?V0 + 0,#0x2
   \   00005A   78..         MOV     R0,#?V0 + 0
   \   00005C   12....       LCALL   ?PUSH_XSTACK_I_TWO
   \   00005F   7920         MOV     R1,#0x20
   \   000061   7C..         MOV     R4,#SampleApp_epDesc & 0xff
   \   000063   7D..         MOV     R5,#(SampleApp_epDesc >> 8) & 0xff
   \   000065   7A..         MOV     R2,#SampleApp_Flash_DstAddr & 0xff
   \   000067   7B..         MOV     R3,#(SampleApp_Flash_DstAddr >> 8) & 0xff
   \   000069   12....       LCALL   ??AF_DataRequest?relay
   \   00006C   7409         MOV     A,#0x9
   \   00006E   12....       LCALL   ?DEALLOC_XSTACK8
    513            {
    514            }
    515            else
    516            {
    517              // Error occurred in request to send.
    518            }
    519          }
   \   000071   7403         MOV     A,#0x3
   \   000073   12....       LCALL   ?DEALLOC_XSTACK8
   \   000076   02....       LJMP    ?Subroutine1 & 0xFFFF

   \                                 In  segment BANK_RELAYS, align 1
   \                     ??SampleApp_Init?relay:
   \   000000   12....       LCALL   ?BDISPATCH
   \   000003   ......       DC24    SampleApp_Init

   \                                 In  segment BANK_RELAYS, align 1
   \                     ??SampleApp_ProcessEvent?relay:
   \   000000   12....       LCALL   ?BDISPATCH
   \   000003   ......       DC24    SampleApp_ProcessEvent

   \                                 In  segment BANK_RELAYS, align 1
   \                     ??SampleApp_HandleKeys?relay:
   \   000000   12....       LCALL   ?BDISPATCH
   \   000003   ......       DC24    SampleApp_HandleKeys

   \                                 In  segment BANK_RELAYS, align 1
   \                     ??SampleApp_MessageMSGCB?relay:
   \   000000   12....       LCALL   ?BDISPATCH
   \   000003   ......       DC24    SampleApp_MessageMSGCB

   \                                 In  segment BANK_RELAYS, align 1
   \                     ??SampleApp_SendPeriodicMessage?relay:
   \   000000   12....       LCALL   ?BDISPATCH
   \   000003   ......       DC24    SampleApp_SendPeriodicMessage

   \                                 In  segment BANK_RELAYS, align 1
   \                     ??SampleApp_SendFlashMessage?relay:
   \   000000   12....       LCALL   ?BDISPATCH
   \   000003   ......       DC24    SampleApp_SendFlashMessage

   \                                 In  segment XDATA_ROM_C, align 1
   \                     `?<Constant "UartInit OK\\n">`:
   \   000000   55617274     DB "UartInit OK\012"
   \            496E6974
   \            204F4B0A
   \            00      

   \                                 In  segment XDATA_ROM_C, align 1
   \                     `?<Constant "Group 1">`:
   \   000000   47726F75     DB "Group 1"
   \            70203100

   \                                 In  segment XDATA_ROM_C, align 1
   \                     `?<Constant "SampleApp">`:
   \   000000   53616D70     DB "SampleApp"
   \            6C654170
   \            7000    

   \                                 In  segment XDATA_ROM_C, align 1
   \                     `?<Constant "Rx:">`:
   \   000000   52783A00     DB "Rx:"

   \                                 In  segment XDATA_ROM_C, align 1
   \                     `?<Constant "\\n">`:
   \   000000   0A00         DB "\012"

   \                                 In  segment XDATA_ROM_C, align 1
   \                     `?<Constant "0123456789">`:
   \   000000   30313233     DB "0123456789"
   \            34353637
   \            383900  
    520          /*********************************************************************
    521          *********************************************************************/

   Maximum stack usage in bytes:

     Function                       ISTACK PSTACK XSTACK
     --------                       ------ ------ ------
     SampleApp_HandleKeys               0      0     22
       -> SampleApp_SendFlashMessage
                                        0      0     20
       -> aps_FindGroup                 0      0     20
       -> aps_RemoveGroup               0      0     20
       -> aps_AddGroup                  0      0     20
     SampleApp_Init                     0      0     14
       -> osal_pwrmgr_task_state        0      0     22
       -> MT_UartInit                   0      0     22
       -> MT_UartRegisterTaskID         0      0     22
       -> HalUARTWrite                  0      0     22
       -> afRegister                    0      0     22
       -> RegisterForKeys               0      0     22
       -> osal_memcpy                   0      0     28
       -> aps_AddGroup                  0      0     22
       -> HalLcdWriteString             0      0     22
     SampleApp_MessageMSGCB             0      0     24
       -> HalUARTWrite                  0      0     24
       -> HalUARTWrite                  0      0     24
       -> HalUARTWrite                  0      0     24
       -> HalLedBlink                   0      0     24
     SampleApp_ProcessEvent             0      0     12
       -> osal_msg_receive              0      0     24
       -> osal_start_timerEx            0      0     24
       -> osal_msg_deallocate           0      0     24
       -> osal_msg_receive              0      0     24
       -> SampleApp_HandleKeys          0      0     24
       -> SampleApp_MessageMSGCB        0      0     24
       -> SampleApp_SendPeriodicMessage
                                        0      0     24
       -> osal_rand                     0      0     24
       -> osal_start_timerEx            0      0     24
       -> osal_rand                     0      0     24
       -> osal_start_timerEx            0      0     24
       -> osal_start_timerEx            0      0     24
     SampleApp_SendFlashMessage         1      0     32
       -> AF_DataRequest                0      0     44
     SampleApp_SendPeriodicMessage      4      0     23
       -> HalUARTWrite                  4      0     22


   Segment part sizes:

     Function/Label                        Bytes
     --------------                        -----
     SampleApp_ClusterList                    4
     SampleApp_SimpleDesc                    12
     SampleApp_epDesc                         6
     SampleApp_TaskID                         1
     SampleApp_NwkState                       1
     SampleApp_TransID                        1
     SampleApp_Periodic_DstAddr              12
     SampleApp_Flash_DstAddr                 12
     SampleApp_Group                         18
     SampleAppPeriodicCounter                 1
     SampleAppFlashCounter                    1
     ZLC_Count                                1
     flag                                     2
     re                                      11
     SampleApp_Init                         185
     SampleApp_ProcessEvent                 207
     ?Subroutine0                             5
     ?Subroutine3                             9
     ?Subroutine2                            16
     SampleApp_HandleKeys                    59
     ?Subroutine1                             5
     SampleApp_MessageMSGCB                 165
     SampleApp_SendPeriodicMessage           59
     SampleApp_SendFlashMessage             121
     ??SampleApp_Init?relay                   6
     ??SampleApp_ProcessEvent?relay           6
     ??SampleApp_HandleKeys?relay             6
     ??SampleApp_MessageMSGCB?relay           6
     ??SampleApp_SendPeriodicMessage?relay    6
     ??SampleApp_SendFlashMessage?relay       6
     ?<Constant "UartInit OK\n">             13
     ?<Constant "Group 1">                    8
     ?<Constant "SampleApp">                 10
     ?<Constant "Rx:">                        4
     ?<Constant "\n">                         2
     ?<Constant "0123456789">                11

 
 831 bytes in segment BANKED_CODE
  36 bytes in segment BANK_RELAYS
  64 bytes in segment XDATA_ROM_C
  67 bytes in segment XDATA_Z
 
 867 bytes of CODE  memory
  64 bytes of CONST memory
  67 bytes of XDATA memory

Errors: none
Warnings: 2
